nohup: ignoring input
[dotenv@17.2.3] injecting env (12) from .env -- tip: 🔄 add secrets lifecycle management: https://dotenvx.com/ops
(node:43592) [MONGOOSE] Warning: Duplicate schema index on {"email":1} found. This is often due to declaring an index using both "index: true" and "schema.index()". Please remove the duplicate index definition.
(Use `node --trace-warnings ...` to show where the warning was created)
(node:43592) [MONGOOSE] Warning: Duplicate schema index on {"slug":1} found. This is often due to declaring an index using both "index: true" and "schema.index()". Please remove the duplicate index definition.
(node:43592) [MONGOOSE] Warning: Duplicate schema index on {"email":1} found. This is often due to declaring an index using both "index: true" and "schema.index()". Please remove the duplicate index definition.
🚀 GUARDIAN server running on http://localhost:3000
📊 Environment: development
🔒 Security features enabled: CORS, Rate Limiting, Security Headers
✅ Connected to MongoDB
Error: Error: Not allowed by CORS
    at origin (/home/msewell2906/Personal/GUARDIAN/server/server.js:38:16)
    at /home/msewell2906/Personal/GUARDIAN/node_modules/cors/lib/index.js:219:13
    at optionsCallback (/home/msewell2906/Personal/GUARDIAN/node_modules/cors/lib/index.js:199:9)
    at corsMiddleware (/home/msewell2906/Personal/GUARDIAN/node_modules/cors/lib/index.js:204:7)
    at Layer.handleRequest (/home/msewell2906/Personal/GUARDIAN/node_modules/router/lib/layer.js:152:17)
    at trimPrefix (/home/msewell2906/Personal/GUARDIAN/node_modules/router/index.js:342:13)
    at /home/msewell2906/Personal/GUARDIAN/node_modules/router/index.js:297:9
    at processParams (/home/msewell2906/Personal/GUARDIAN/node_modules/router/index.js:582:12)
    at next (/home/msewell2906/Personal/GUARDIAN/node_modules/router/index.js:291:5)
    at /home/msewell2906/Personal/GUARDIAN/node_modules/express-rate-limit/dist/index.cjs:899:7
Error: Error: Not allowed by CORS
    at origin (/home/msewell2906/Personal/GUARDIAN/server/server.js:38:16)
    at /home/msewell2906/Personal/GUARDIAN/node_modules/cors/lib/index.js:219:13
    at optionsCallback (/home/msewell2906/Personal/GUARDIAN/node_modules/cors/lib/index.js:199:9)
    at corsMiddleware (/home/msewell2906/Personal/GUARDIAN/node_modules/cors/lib/index.js:204:7)
    at Layer.handleRequest (/home/msewell2906/Personal/GUARDIAN/node_modules/router/lib/layer.js:152:17)
    at trimPrefix (/home/msewell2906/Personal/GUARDIAN/node_modules/router/index.js:342:13)
    at /home/msewell2906/Personal/GUARDIAN/node_modules/router/index.js:297:9
    at processParams (/home/msewell2906/Personal/GUARDIAN/node_modules/router/index.js:582:12)
    at next (/home/msewell2906/Personal/GUARDIAN/node_modules/router/index.js:291:5)
    at /home/msewell2906/Personal/GUARDIAN/node_modules/express-rate-limit/dist/index.cjs:899:7
Error: Error: Not allowed by CORS
    at origin (/home/msewell2906/Personal/GUARDIAN/server/server.js:38:16)
    at /home/msewell2906/Personal/GUARDIAN/node_modules/cors/lib/index.js:219:13
    at optionsCallback (/home/msewell2906/Personal/GUARDIAN/node_modules/cors/lib/index.js:199:9)
    at corsMiddleware (/home/msewell2906/Personal/GUARDIAN/node_modules/cors/lib/index.js:204:7)
    at Layer.handleRequest (/home/msewell2906/Personal/GUARDIAN/node_modules/router/lib/layer.js:152:17)
    at trimPrefix (/home/msewell2906/Personal/GUARDIAN/node_modules/router/index.js:342:13)
    at /home/msewell2906/Personal/GUARDIAN/node_modules/router/index.js:297:9
    at processParams (/home/msewell2906/Personal/GUARDIAN/node_modules/router/index.js:582:12)
    at next (/home/msewell2906/Personal/GUARDIAN/node_modules/router/index.js:291:5)
    at /home/msewell2906/Personal/GUARDIAN/node_modules/express-rate-limit/dist/index.cjs:899:7
Error: Error: Not allowed by CORS
    at origin (/home/msewell2906/Personal/GUARDIAN/server/server.js:38:16)
    at /home/msewell2906/Personal/GUARDIAN/node_modules/cors/lib/index.js:219:13
    at optionsCallback (/home/msewell2906/Personal/GUARDIAN/node_modules/cors/lib/index.js:199:9)
    at corsMiddleware (/home/msewell2906/Personal/GUARDIAN/node_modules/cors/lib/index.js:204:7)
    at Layer.handleRequest (/home/msewell2906/Personal/GUARDIAN/node_modules/router/lib/layer.js:152:17)
    at trimPrefix (/home/msewell2906/Personal/GUARDIAN/node_modules/router/index.js:342:13)
    at /home/msewell2906/Personal/GUARDIAN/node_modules/router/index.js:297:9
    at processParams (/home/msewell2906/Personal/GUARDIAN/node_modules/router/index.js:582:12)
    at next (/home/msewell2906/Personal/GUARDIAN/node_modules/router/index.js:291:5)
    at /home/msewell2906/Personal/GUARDIAN/node_modules/express-rate-limit/dist/index.cjs:899:7
Error: Error: Not allowed by CORS
    at origin (/home/msewell2906/Personal/GUARDIAN/server/server.js:38:16)
    at /home/msewell2906/Personal/GUARDIAN/node_modules/cors/lib/index.js:219:13
    at optionsCallback (/home/msewell2906/Personal/GUARDIAN/node_modules/cors/lib/index.js:199:9)
    at corsMiddleware (/home/msewell2906/Personal/GUARDIAN/node_modules/cors/lib/index.js:204:7)
    at Layer.handleRequest (/home/msewell2906/Personal/GUARDIAN/node_modules/router/lib/layer.js:152:17)
    at trimPrefix (/home/msewell2906/Personal/GUARDIAN/node_modules/router/index.js:342:13)
    at /home/msewell2906/Personal/GUARDIAN/node_modules/router/index.js:297:9
    at processParams (/home/msewell2906/Personal/GUARDIAN/node_modules/router/index.js:582:12)
    at next (/home/msewell2906/Personal/GUARDIAN/node_modules/router/index.js:291:5)
    at /home/msewell2906/Personal/GUARDIAN/node_modules/express-rate-limit/dist/index.cjs:899:7
Error: Error: Not allowed by CORS
    at origin (/home/msewell2906/Personal/GUARDIAN/server/server.js:38:16)
    at /home/msewell2906/Personal/GUARDIAN/node_modules/cors/lib/index.js:219:13
    at optionsCallback (/home/msewell2906/Personal/GUARDIAN/node_modules/cors/lib/index.js:199:9)
    at corsMiddleware (/home/msewell2906/Personal/GUARDIAN/node_modules/cors/lib/index.js:204:7)
    at Layer.handleRequest (/home/msewell2906/Personal/GUARDIAN/node_modules/router/lib/layer.js:152:17)
    at trimPrefix (/home/msewell2906/Personal/GUARDIAN/node_modules/router/index.js:342:13)
    at /home/msewell2906/Personal/GUARDIAN/node_modules/router/index.js:297:9
    at processParams (/home/msewell2906/Personal/GUARDIAN/node_modules/router/index.js:582:12)
    at next (/home/msewell2906/Personal/GUARDIAN/node_modules/router/index.js:291:5)
    at /home/msewell2906/Personal/GUARDIAN/node_modules/express-rate-limit/dist/index.cjs:899:7
Error: Error: Not allowed by CORS
    at origin (/home/msewell2906/Personal/GUARDIAN/server/server.js:38:16)
    at /home/msewell2906/Personal/GUARDIAN/node_modules/cors/lib/index.js:219:13
    at optionsCallback (/home/msewell2906/Personal/GUARDIAN/node_modules/cors/lib/index.js:199:9)
    at corsMiddleware (/home/msewell2906/Personal/GUARDIAN/node_modules/cors/lib/index.js:204:7)
    at Layer.handleRequest (/home/msewell2906/Personal/GUARDIAN/node_modules/router/lib/layer.js:152:17)
    at trimPrefix (/home/msewell2906/Personal/GUARDIAN/node_modules/router/index.js:342:13)
    at /home/msewell2906/Personal/GUARDIAN/node_modules/router/index.js:297:9
    at processParams (/home/msewell2906/Personal/GUARDIAN/node_modules/router/index.js:582:12)
    at next (/home/msewell2906/Personal/GUARDIAN/node_modules/router/index.js:291:5)
    at /home/msewell2906/Personal/GUARDIAN/node_modules/express-rate-limit/dist/index.cjs:899:7
Error: Error: Not allowed by CORS
    at origin (/home/msewell2906/Personal/GUARDIAN/server/server.js:38:16)
    at /home/msewell2906/Personal/GUARDIAN/node_modules/cors/lib/index.js:219:13
    at optionsCallback (/home/msewell2906/Personal/GUARDIAN/node_modules/cors/lib/index.js:199:9)
    at corsMiddleware (/home/msewell2906/Personal/GUARDIAN/node_modules/cors/lib/index.js:204:7)
    at Layer.handleRequest (/home/msewell2906/Personal/GUARDIAN/node_modules/router/lib/layer.js:152:17)
    at trimPrefix (/home/msewell2906/Personal/GUARDIAN/node_modules/router/index.js:342:13)
    at /home/msewell2906/Personal/GUARDIAN/node_modules/router/index.js:297:9
    at processParams (/home/msewell2906/Personal/GUARDIAN/node_modules/router/index.js:582:12)
    at next (/home/msewell2906/Personal/GUARDIAN/node_modules/router/index.js:291:5)
    at /home/msewell2906/Personal/GUARDIAN/node_modules/express-rate-limit/dist/index.cjs:899:7
Error: Error: Not allowed by CORS
    at origin (/home/msewell2906/Personal/GUARDIAN/server/server.js:38:16)
    at /home/msewell2906/Personal/GUARDIAN/node_modules/cors/lib/index.js:219:13
    at optionsCallback (/home/msewell2906/Personal/GUARDIAN/node_modules/cors/lib/index.js:199:9)
    at corsMiddleware (/home/msewell2906/Personal/GUARDIAN/node_modules/cors/lib/index.js:204:7)
    at Layer.handleRequest (/home/msewell2906/Personal/GUARDIAN/node_modules/router/lib/layer.js:152:17)
    at trimPrefix (/home/msewell2906/Personal/GUARDIAN/node_modules/router/index.js:342:13)
    at /home/msewell2906/Personal/GUARDIAN/node_modules/router/index.js:297:9
    at processParams (/home/msewell2906/Personal/GUARDIAN/node_modules/router/index.js:582:12)
    at next (/home/msewell2906/Personal/GUARDIAN/node_modules/router/index.js:291:5)
    at /home/msewell2906/Personal/GUARDIAN/node_modules/express-rate-limit/dist/index.cjs:899:7
Error: Error: Not allowed by CORS
    at origin (/home/msewell2906/Personal/GUARDIAN/server/server.js:38:16)
    at /home/msewell2906/Personal/GUARDIAN/node_modules/cors/lib/index.js:219:13
    at optionsCallback (/home/msewell2906/Personal/GUARDIAN/node_modules/cors/lib/index.js:199:9)
    at corsMiddleware (/home/msewell2906/Personal/GUARDIAN/node_modules/cors/lib/index.js:204:7)
    at Layer.handleRequest (/home/msewell2906/Personal/GUARDIAN/node_modules/router/lib/layer.js:152:17)
    at trimPrefix (/home/msewell2906/Personal/GUARDIAN/node_modules/router/index.js:342:13)
    at /home/msewell2906/Personal/GUARDIAN/node_modules/router/index.js:297:9
    at processParams (/home/msewell2906/Personal/GUARDIAN/node_modules/router/index.js:582:12)
    at next (/home/msewell2906/Personal/GUARDIAN/node_modules/router/index.js:291:5)
    at /home/msewell2906/Personal/GUARDIAN/node_modules/express-rate-limit/dist/index.cjs:899:7
Error: Error: Not allowed by CORS
    at origin (/home/msewell2906/Personal/GUARDIAN/server/server.js:38:16)
    at /home/msewell2906/Personal/GUARDIAN/node_modules/cors/lib/index.js:219:13
    at optionsCallback (/home/msewell2906/Personal/GUARDIAN/node_modules/cors/lib/index.js:199:9)
    at corsMiddleware (/home/msewell2906/Personal/GUARDIAN/node_modules/cors/lib/index.js:204:7)
    at Layer.handleRequest (/home/msewell2906/Personal/GUARDIAN/node_modules/router/lib/layer.js:152:17)
    at trimPrefix (/home/msewell2906/Personal/GUARDIAN/node_modules/router/index.js:342:13)
    at /home/msewell2906/Personal/GUARDIAN/node_modules/router/index.js:297:9
    at processParams (/home/msewell2906/Personal/GUARDIAN/node_modules/router/index.js:582:12)
    at next (/home/msewell2906/Personal/GUARDIAN/node_modules/router/index.js:291:5)
    at /home/msewell2906/Personal/GUARDIAN/node_modules/express-rate-limit/dist/index.cjs:899:7
Error: Error: Not allowed by CORS
    at origin (/home/msewell2906/Personal/GUARDIAN/server/server.js:38:16)
    at /home/msewell2906/Personal/GUARDIAN/node_modules/cors/lib/index.js:219:13
    at optionsCallback (/home/msewell2906/Personal/GUARDIAN/node_modules/cors/lib/index.js:199:9)
    at corsMiddleware (/home/msewell2906/Personal/GUARDIAN/node_modules/cors/lib/index.js:204:7)
    at Layer.handleRequest (/home/msewell2906/Personal/GUARDIAN/node_modules/router/lib/layer.js:152:17)
    at trimPrefix (/home/msewell2906/Personal/GUARDIAN/node_modules/router/index.js:342:13)
    at /home/msewell2906/Personal/GUARDIAN/node_modules/router/index.js:297:9
    at processParams (/home/msewell2906/Personal/GUARDIAN/node_modules/router/index.js:582:12)
    at next (/home/msewell2906/Personal/GUARDIAN/node_modules/router/index.js:291:5)
    at /home/msewell2906/Personal/GUARDIAN/node_modules/express-rate-limit/dist/index.cjs:899:7
Error: Error: Not allowed by CORS
    at origin (/home/msewell2906/Personal/GUARDIAN/server/server.js:38:16)
    at /home/msewell2906/Personal/GUARDIAN/node_modules/cors/lib/index.js:219:13
    at optionsCallback (/home/msewell2906/Personal/GUARDIAN/node_modules/cors/lib/index.js:199:9)
    at corsMiddleware (/home/msewell2906/Personal/GUARDIAN/node_modules/cors/lib/index.js:204:7)
    at Layer.handleRequest (/home/msewell2906/Personal/GUARDIAN/node_modules/router/lib/layer.js:152:17)
    at trimPrefix (/home/msewell2906/Personal/GUARDIAN/node_modules/router/index.js:342:13)
    at /home/msewell2906/Personal/GUARDIAN/node_modules/router/index.js:297:9
    at processParams (/home/msewell2906/Personal/GUARDIAN/node_modules/router/index.js:582:12)
    at next (/home/msewell2906/Personal/GUARDIAN/node_modules/router/index.js:291:5)
    at /home/msewell2906/Personal/GUARDIAN/node_modules/express-rate-limit/dist/index.cjs:899:7
Error: Error: Not allowed by CORS
    at origin (/home/msewell2906/Personal/GUARDIAN/server/server.js:38:16)
    at /home/msewell2906/Personal/GUARDIAN/node_modules/cors/lib/index.js:219:13
    at optionsCallback (/home/msewell2906/Personal/GUARDIAN/node_modules/cors/lib/index.js:199:9)
    at corsMiddleware (/home/msewell2906/Personal/GUARDIAN/node_modules/cors/lib/index.js:204:7)
    at Layer.handleRequest (/home/msewell2906/Personal/GUARDIAN/node_modules/router/lib/layer.js:152:17)
    at trimPrefix (/home/msewell2906/Personal/GUARDIAN/node_modules/router/index.js:342:13)
    at /home/msewell2906/Personal/GUARDIAN/node_modules/router/index.js:297:9
    at processParams (/home/msewell2906/Personal/GUARDIAN/node_modules/router/index.js:582:12)
    at next (/home/msewell2906/Personal/GUARDIAN/node_modules/router/index.js:291:5)
    at /home/msewell2906/Personal/GUARDIAN/node_modules/express-rate-limit/dist/index.cjs:899:7
Error: Error: Not allowed by CORS
    at origin (/home/msewell2906/Personal/GUARDIAN/server/server.js:38:16)
    at /home/msewell2906/Personal/GUARDIAN/node_modules/cors/lib/index.js:219:13
    at optionsCallback (/home/msewell2906/Personal/GUARDIAN/node_modules/cors/lib/index.js:199:9)
    at corsMiddleware (/home/msewell2906/Personal/GUARDIAN/node_modules/cors/lib/index.js:204:7)
    at Layer.handleRequest (/home/msewell2906/Personal/GUARDIAN/node_modules/router/lib/layer.js:152:17)
    at trimPrefix (/home/msewell2906/Personal/GUARDIAN/node_modules/router/index.js:342:13)
    at /home/msewell2906/Personal/GUARDIAN/node_modules/router/index.js:297:9
    at processParams (/home/msewell2906/Personal/GUARDIAN/node_modules/router/index.js:582:12)
    at next (/home/msewell2906/Personal/GUARDIAN/node_modules/router/index.js:291:5)
    at /home/msewell2906/Personal/GUARDIAN/node_modules/express-rate-limit/dist/index.cjs:899:7
Error: Error: Not allowed by CORS
    at origin (/home/msewell2906/Personal/GUARDIAN/server/server.js:38:16)
    at /home/msewell2906/Personal/GUARDIAN/node_modules/cors/lib/index.js:219:13
    at optionsCallback (/home/msewell2906/Personal/GUARDIAN/node_modules/cors/lib/index.js:199:9)
    at corsMiddleware (/home/msewell2906/Personal/GUARDIAN/node_modules/cors/lib/index.js:204:7)
    at Layer.handleRequest (/home/msewell2906/Personal/GUARDIAN/node_modules/router/lib/layer.js:152:17)
    at trimPrefix (/home/msewell2906/Personal/GUARDIAN/node_modules/router/index.js:342:13)
    at /home/msewell2906/Personal/GUARDIAN/node_modules/router/index.js:297:9
    at processParams (/home/msewell2906/Personal/GUARDIAN/node_modules/router/index.js:582:12)
    at next (/home/msewell2906/Personal/GUARDIAN/node_modules/router/index.js:291:5)
    at /home/msewell2906/Personal/GUARDIAN/node_modules/express-rate-limit/dist/index.cjs:899:7
Error: Error: Not allowed by CORS
    at origin (/home/msewell2906/Personal/GUARDIAN/server/server.js:38:16)
    at /home/msewell2906/Personal/GUARDIAN/node_modules/cors/lib/index.js:219:13
    at optionsCallback (/home/msewell2906/Personal/GUARDIAN/node_modules/cors/lib/index.js:199:9)
    at corsMiddleware (/home/msewell2906/Personal/GUARDIAN/node_modules/cors/lib/index.js:204:7)
    at Layer.handleRequest (/home/msewell2906/Personal/GUARDIAN/node_modules/router/lib/layer.js:152:17)
    at trimPrefix (/home/msewell2906/Personal/GUARDIAN/node_modules/router/index.js:342:13)
    at /home/msewell2906/Personal/GUARDIAN/node_modules/router/index.js:297:9
    at processParams (/home/msewell2906/Personal/GUARDIAN/node_modules/router/index.js:582:12)
    at next (/home/msewell2906/Personal/GUARDIAN/node_modules/router/index.js:291:5)
    at /home/msewell2906/Personal/GUARDIAN/node_modules/express-rate-limit/dist/index.cjs:899:7
Error: Error: Not allowed by CORS
    at origin (/home/msewell2906/Personal/GUARDIAN/server/server.js:38:16)
    at /home/msewell2906/Personal/GUARDIAN/node_modules/cors/lib/index.js:219:13
    at optionsCallback (/home/msewell2906/Personal/GUARDIAN/node_modules/cors/lib/index.js:199:9)
    at corsMiddleware (/home/msewell2906/Personal/GUARDIAN/node_modules/cors/lib/index.js:204:7)
    at Layer.handleRequest (/home/msewell2906/Personal/GUARDIAN/node_modules/router/lib/layer.js:152:17)
    at trimPrefix (/home/msewell2906/Personal/GUARDIAN/node_modules/router/index.js:342:13)
    at /home/msewell2906/Personal/GUARDIAN/node_modules/router/index.js:297:9
    at processParams (/home/msewell2906/Personal/GUARDIAN/node_modules/router/index.js:582:12)
    at next (/home/msewell2906/Personal/GUARDIAN/node_modules/router/index.js:291:5)
    at /home/msewell2906/Personal/GUARDIAN/node_modules/express-rate-limit/dist/index.cjs:899:7
Error: Error: Not allowed by CORS
    at origin (/home/msewell2906/Personal/GUARDIAN/server/server.js:38:16)
    at /home/msewell2906/Personal/GUARDIAN/node_modules/cors/lib/index.js:219:13
    at optionsCallback (/home/msewell2906/Personal/GUARDIAN/node_modules/cors/lib/index.js:199:9)
    at corsMiddleware (/home/msewell2906/Personal/GUARDIAN/node_modules/cors/lib/index.js:204:7)
    at Layer.handleRequest (/home/msewell2906/Personal/GUARDIAN/node_modules/router/lib/layer.js:152:17)
    at trimPrefix (/home/msewell2906/Personal/GUARDIAN/node_modules/router/index.js:342:13)
    at /home/msewell2906/Personal/GUARDIAN/node_modules/router/index.js:297:9
    at processParams (/home/msewell2906/Personal/GUARDIAN/node_modules/router/index.js:582:12)
    at next (/home/msewell2906/Personal/GUARDIAN/node_modules/router/index.js:291:5)
    at /home/msewell2906/Personal/GUARDIAN/node_modules/express-rate-limit/dist/index.cjs:899:7
Error: Error: Not allowed by CORS
    at origin (/home/msewell2906/Personal/GUARDIAN/server/server.js:38:16)
    at /home/msewell2906/Personal/GUARDIAN/node_modules/cors/lib/index.js:219:13
    at optionsCallback (/home/msewell2906/Personal/GUARDIAN/node_modules/cors/lib/index.js:199:9)
    at corsMiddleware (/home/msewell2906/Personal/GUARDIAN/node_modules/cors/lib/index.js:204:7)
    at Layer.handleRequest (/home/msewell2906/Personal/GUARDIAN/node_modules/router/lib/layer.js:152:17)
    at trimPrefix (/home/msewell2906/Personal/GUARDIAN/node_modules/router/index.js:342:13)
    at /home/msewell2906/Personal/GUARDIAN/node_modules/router/index.js:297:9
    at processParams (/home/msewell2906/Personal/GUARDIAN/node_modules/router/index.js:582:12)
    at next (/home/msewell2906/Personal/GUARDIAN/node_modules/router/index.js:291:5)
    at /home/msewell2906/Personal/GUARDIAN/node_modules/express-rate-limit/dist/index.cjs:899:7
Error: Error: Not allowed by CORS
    at origin (/home/msewell2906/Personal/GUARDIAN/server/server.js:38:16)
    at /home/msewell2906/Personal/GUARDIAN/node_modules/cors/lib/index.js:219:13
    at optionsCallback (/home/msewell2906/Personal/GUARDIAN/node_modules/cors/lib/index.js:199:9)
    at corsMiddleware (/home/msewell2906/Personal/GUARDIAN/node_modules/cors/lib/index.js:204:7)
    at Layer.handleRequest (/home/msewell2906/Personal/GUARDIAN/node_modules/router/lib/layer.js:152:17)
    at trimPrefix (/home/msewell2906/Personal/GUARDIAN/node_modules/router/index.js:342:13)
    at /home/msewell2906/Personal/GUARDIAN/node_modules/router/index.js:297:9
    at processParams (/home/msewell2906/Personal/GUARDIAN/node_modules/router/index.js:582:12)
    at next (/home/msewell2906/Personal/GUARDIAN/node_modules/router/index.js:291:5)
    at /home/msewell2906/Personal/GUARDIAN/node_modules/express-rate-limit/dist/index.cjs:899:7
Error: Error: Not allowed by CORS
    at origin (/home/msewell2906/Personal/GUARDIAN/server/server.js:38:16)
    at /home/msewell2906/Personal/GUARDIAN/node_modules/cors/lib/index.js:219:13
    at optionsCallback (/home/msewell2906/Personal/GUARDIAN/node_modules/cors/lib/index.js:199:9)
    at corsMiddleware (/home/msewell2906/Personal/GUARDIAN/node_modules/cors/lib/index.js:204:7)
    at Layer.handleRequest (/home/msewell2906/Personal/GUARDIAN/node_modules/router/lib/layer.js:152:17)
    at trimPrefix (/home/msewell2906/Personal/GUARDIAN/node_modules/router/index.js:342:13)
    at /home/msewell2906/Personal/GUARDIAN/node_modules/router/index.js:297:9
    at processParams (/home/msewell2906/Personal/GUARDIAN/node_modules/router/index.js:582:12)
    at next (/home/msewell2906/Personal/GUARDIAN/node_modules/router/index.js:291:5)
    at /home/msewell2906/Personal/GUARDIAN/node_modules/express-rate-limit/dist/index.cjs:899:7
Error: Error: Not allowed by CORS
    at origin (/home/msewell2906/Personal/GUARDIAN/server/server.js:38:16)
    at /home/msewell2906/Personal/GUARDIAN/node_modules/cors/lib/index.js:219:13
    at optionsCallback (/home/msewell2906/Personal/GUARDIAN/node_modules/cors/lib/index.js:199:9)
    at corsMiddleware (/home/msewell2906/Personal/GUARDIAN/node_modules/cors/lib/index.js:204:7)
    at Layer.handleRequest (/home/msewell2906/Personal/GUARDIAN/node_modules/router/lib/layer.js:152:17)
    at trimPrefix (/home/msewell2906/Personal/GUARDIAN/node_modules/router/index.js:342:13)
    at /home/msewell2906/Personal/GUARDIAN/node_modules/router/index.js:297:9
    at processParams (/home/msewell2906/Personal/GUARDIAN/node_modules/router/index.js:582:12)
    at next (/home/msewell2906/Personal/GUARDIAN/node_modules/router/index.js:291:5)
    at /home/msewell2906/Personal/GUARDIAN/node_modules/express-rate-limit/dist/index.cjs:899:7
Error: Error: Not allowed by CORS
    at origin (/home/msewell2906/Personal/GUARDIAN/server/server.js:38:16)
    at /home/msewell2906/Personal/GUARDIAN/node_modules/cors/lib/index.js:219:13
    at optionsCallback (/home/msewell2906/Personal/GUARDIAN/node_modules/cors/lib/index.js:199:9)
    at corsMiddleware (/home/msewell2906/Personal/GUARDIAN/node_modules/cors/lib/index.js:204:7)
    at Layer.handleRequest (/home/msewell2906/Personal/GUARDIAN/node_modules/router/lib/layer.js:152:17)
    at trimPrefix (/home/msewell2906/Personal/GUARDIAN/node_modules/router/index.js:342:13)
    at /home/msewell2906/Personal/GUARDIAN/node_modules/router/index.js:297:9
    at processParams (/home/msewell2906/Personal/GUARDIAN/node_modules/router/index.js:582:12)
    at next (/home/msewell2906/Personal/GUARDIAN/node_modules/router/index.js:291:5)
    at /home/msewell2906/Personal/GUARDIAN/node_modules/express-rate-limit/dist/index.cjs:899:7
Error: Error: Not allowed by CORS
    at origin (/home/msewell2906/Personal/GUARDIAN/server/server.js:38:16)
    at /home/msewell2906/Personal/GUARDIAN/node_modules/cors/lib/index.js:219:13
    at optionsCallback (/home/msewell2906/Personal/GUARDIAN/node_modules/cors/lib/index.js:199:9)
    at corsMiddleware (/home/msewell2906/Personal/GUARDIAN/node_modules/cors/lib/index.js:204:7)
    at Layer.handleRequest (/home/msewell2906/Personal/GUARDIAN/node_modules/router/lib/layer.js:152:17)
    at trimPrefix (/home/msewell2906/Personal/GUARDIAN/node_modules/router/index.js:342:13)
    at /home/msewell2906/Personal/GUARDIAN/node_modules/router/index.js:297:9
    at processParams (/home/msewell2906/Personal/GUARDIAN/node_modules/router/index.js:582:12)
    at next (/home/msewell2906/Personal/GUARDIAN/node_modules/router/index.js:291:5)
    at /home/msewell2906/Personal/GUARDIAN/node_modules/express-rate-limit/dist/index.cjs:899:7
Error: Error: Not allowed by CORS
    at origin (/home/msewell2906/Personal/GUARDIAN/server/server.js:38:16)
    at /home/msewell2906/Personal/GUARDIAN/node_modules/cors/lib/index.js:219:13
    at optionsCallback (/home/msewell2906/Personal/GUARDIAN/node_modules/cors/lib/index.js:199:9)
    at corsMiddleware (/home/msewell2906/Personal/GUARDIAN/node_modules/cors/lib/index.js:204:7)
    at Layer.handleRequest (/home/msewell2906/Personal/GUARDIAN/node_modules/router/lib/layer.js:152:17)
    at trimPrefix (/home/msewell2906/Personal/GUARDIAN/node_modules/router/index.js:342:13)
    at /home/msewell2906/Personal/GUARDIAN/node_modules/router/index.js:297:9
    at processParams (/home/msewell2906/Personal/GUARDIAN/node_modules/router/index.js:582:12)
    at next (/home/msewell2906/Personal/GUARDIAN/node_modules/router/index.js:291:5)
    at /home/msewell2906/Personal/GUARDIAN/node_modules/express-rate-limit/dist/index.cjs:899:7
Error: Error: Not allowed by CORS
    at origin (/home/msewell2906/Personal/GUARDIAN/server/server.js:38:16)
    at /home/msewell2906/Personal/GUARDIAN/node_modules/cors/lib/index.js:219:13
    at optionsCallback (/home/msewell2906/Personal/GUARDIAN/node_modules/cors/lib/index.js:199:9)
    at corsMiddleware (/home/msewell2906/Personal/GUARDIAN/node_modules/cors/lib/index.js:204:7)
    at Layer.handleRequest (/home/msewell2906/Personal/GUARDIAN/node_modules/router/lib/layer.js:152:17)
    at trimPrefix (/home/msewell2906/Personal/GUARDIAN/node_modules/router/index.js:342:13)
    at /home/msewell2906/Personal/GUARDIAN/node_modules/router/index.js:297:9
    at processParams (/home/msewell2906/Personal/GUARDIAN/node_modules/router/index.js:582:12)
    at next (/home/msewell2906/Personal/GUARDIAN/node_modules/router/index.js:291:5)
    at /home/msewell2906/Personal/GUARDIAN/node_modules/express-rate-limit/dist/index.cjs:899:7
Error: Error: Not allowed by CORS
    at origin (/home/msewell2906/Personal/GUARDIAN/server/server.js:38:16)
    at /home/msewell2906/Personal/GUARDIAN/node_modules/cors/lib/index.js:219:13
    at optionsCallback (/home/msewell2906/Personal/GUARDIAN/node_modules/cors/lib/index.js:199:9)
    at corsMiddleware (/home/msewell2906/Personal/GUARDIAN/node_modules/cors/lib/index.js:204:7)
    at Layer.handleRequest (/home/msewell2906/Personal/GUARDIAN/node_modules/router/lib/layer.js:152:17)
    at trimPrefix (/home/msewell2906/Personal/GUARDIAN/node_modules/router/index.js:342:13)
    at /home/msewell2906/Personal/GUARDIAN/node_modules/router/index.js:297:9
    at processParams (/home/msewell2906/Personal/GUARDIAN/node_modules/router/index.js:582:12)
    at next (/home/msewell2906/Personal/GUARDIAN/node_modules/router/index.js:291:5)
    at /home/msewell2906/Personal/GUARDIAN/node_modules/express-rate-limit/dist/index.cjs:899:7
Error: Error: Not allowed by CORS
    at origin (/home/msewell2906/Personal/GUARDIAN/server/server.js:38:16)
    at /home/msewell2906/Personal/GUARDIAN/node_modules/cors/lib/index.js:219:13
    at optionsCallback (/home/msewell2906/Personal/GUARDIAN/node_modules/cors/lib/index.js:199:9)
    at corsMiddleware (/home/msewell2906/Personal/GUARDIAN/node_modules/cors/lib/index.js:204:7)
    at Layer.handleRequest (/home/msewell2906/Personal/GUARDIAN/node_modules/router/lib/layer.js:152:17)
    at trimPrefix (/home/msewell2906/Personal/GUARDIAN/node_modules/router/index.js:342:13)
    at /home/msewell2906/Personal/GUARDIAN/node_modules/router/index.js:297:9
    at processParams (/home/msewell2906/Personal/GUARDIAN/node_modules/router/index.js:582:12)
    at next (/home/msewell2906/Personal/GUARDIAN/node_modules/router/index.js:291:5)
    at /home/msewell2906/Personal/GUARDIAN/node_modules/express-rate-limit/dist/index.cjs:899:7
Error: Error: Not allowed by CORS
    at origin (/home/msewell2906/Personal/GUARDIAN/server/server.js:38:16)
    at /home/msewell2906/Personal/GUARDIAN/node_modules/cors/lib/index.js:219:13
    at optionsCallback (/home/msewell2906/Personal/GUARDIAN/node_modules/cors/lib/index.js:199:9)
    at corsMiddleware (/home/msewell2906/Personal/GUARDIAN/node_modules/cors/lib/index.js:204:7)
    at Layer.handleRequest (/home/msewell2906/Personal/GUARDIAN/node_modules/router/lib/layer.js:152:17)
    at trimPrefix (/home/msewell2906/Personal/GUARDIAN/node_modules/router/index.js:342:13)
    at /home/msewell2906/Personal/GUARDIAN/node_modules/router/index.js:297:9
    at processParams (/home/msewell2906/Personal/GUARDIAN/node_modules/router/index.js:582:12)
    at next (/home/msewell2906/Personal/GUARDIAN/node_modules/router/index.js:291:5)
    at /home/msewell2906/Personal/GUARDIAN/node_modules/express-rate-limit/dist/index.cjs:899:7
Error: Error: Not allowed by CORS
    at origin (/home/msewell2906/Personal/GUARDIAN/server/server.js:38:16)
    at /home/msewell2906/Personal/GUARDIAN/node_modules/cors/lib/index.js:219:13
    at optionsCallback (/home/msewell2906/Personal/GUARDIAN/node_modules/cors/lib/index.js:199:9)
    at corsMiddleware (/home/msewell2906/Personal/GUARDIAN/node_modules/cors/lib/index.js:204:7)
    at Layer.handleRequest (/home/msewell2906/Personal/GUARDIAN/node_modules/router/lib/layer.js:152:17)
    at trimPrefix (/home/msewell2906/Personal/GUARDIAN/node_modules/router/index.js:342:13)
    at /home/msewell2906/Personal/GUARDIAN/node_modules/router/index.js:297:9
    at processParams (/home/msewell2906/Personal/GUARDIAN/node_modules/router/index.js:582:12)
    at next (/home/msewell2906/Personal/GUARDIAN/node_modules/router/index.js:291:5)
    at /home/msewell2906/Personal/GUARDIAN/node_modules/express-rate-limit/dist/index.cjs:899:7
Error: Error: Not allowed by CORS
    at origin (/home/msewell2906/Personal/GUARDIAN/server/server.js:38:16)
    at /home/msewell2906/Personal/GUARDIAN/node_modules/cors/lib/index.js:219:13
    at optionsCallback (/home/msewell2906/Personal/GUARDIAN/node_modules/cors/lib/index.js:199:9)
    at corsMiddleware (/home/msewell2906/Personal/GUARDIAN/node_modules/cors/lib/index.js:204:7)
    at Layer.handleRequest (/home/msewell2906/Personal/GUARDIAN/node_modules/router/lib/layer.js:152:17)
    at trimPrefix (/home/msewell2906/Personal/GUARDIAN/node_modules/router/index.js:342:13)
    at /home/msewell2906/Personal/GUARDIAN/node_modules/router/index.js:297:9
    at processParams (/home/msewell2906/Personal/GUARDIAN/node_modules/router/index.js:582:12)
    at next (/home/msewell2906/Personal/GUARDIAN/node_modules/router/index.js:291:5)
    at /home/msewell2906/Personal/GUARDIAN/node_modules/express-rate-limit/dist/index.cjs:899:7
Error: Error: Not allowed by CORS
    at origin (/home/msewell2906/Personal/GUARDIAN/server/server.js:38:16)
    at /home/msewell2906/Personal/GUARDIAN/node_modules/cors/lib/index.js:219:13
    at optionsCallback (/home/msewell2906/Personal/GUARDIAN/node_modules/cors/lib/index.js:199:9)
    at corsMiddleware (/home/msewell2906/Personal/GUARDIAN/node_modules/cors/lib/index.js:204:7)
    at Layer.handleRequest (/home/msewell2906/Personal/GUARDIAN/node_modules/router/lib/layer.js:152:17)
    at trimPrefix (/home/msewell2906/Personal/GUARDIAN/node_modules/router/index.js:342:13)
    at /home/msewell2906/Personal/GUARDIAN/node_modules/router/index.js:297:9
    at processParams (/home/msewell2906/Personal/GUARDIAN/node_modules/router/index.js:582:12)
    at next (/home/msewell2906/Personal/GUARDIAN/node_modules/router/index.js:291:5)
    at /home/msewell2906/Personal/GUARDIAN/node_modules/express-rate-limit/dist/index.cjs:899:7
Error: Error: Not allowed by CORS
    at origin (/home/msewell2906/Personal/GUARDIAN/server/server.js:38:16)
    at /home/msewell2906/Personal/GUARDIAN/node_modules/cors/lib/index.js:219:13
    at optionsCallback (/home/msewell2906/Personal/GUARDIAN/node_modules/cors/lib/index.js:199:9)
    at corsMiddleware (/home/msewell2906/Personal/GUARDIAN/node_modules/cors/lib/index.js:204:7)
    at Layer.handleRequest (/home/msewell2906/Personal/GUARDIAN/node_modules/router/lib/layer.js:152:17)
    at trimPrefix (/home/msewell2906/Personal/GUARDIAN/node_modules/router/index.js:342:13)
    at /home/msewell2906/Personal/GUARDIAN/node_modules/router/index.js:297:9
    at processParams (/home/msewell2906/Personal/GUARDIAN/node_modules/router/index.js:582:12)
    at next (/home/msewell2906/Personal/GUARDIAN/node_modules/router/index.js:291:5)
    at /home/msewell2906/Personal/GUARDIAN/node_modules/express-rate-limit/dist/index.cjs:899:7
Error: Error: Not allowed by CORS
    at origin (/home/msewell2906/Personal/GUARDIAN/server/server.js:38:16)
    at /home/msewell2906/Personal/GUARDIAN/node_modules/cors/lib/index.js:219:13
    at optionsCallback (/home/msewell2906/Personal/GUARDIAN/node_modules/cors/lib/index.js:199:9)
    at corsMiddleware (/home/msewell2906/Personal/GUARDIAN/node_modules/cors/lib/index.js:204:7)
    at Layer.handleRequest (/home/msewell2906/Personal/GUARDIAN/node_modules/router/lib/layer.js:152:17)
    at trimPrefix (/home/msewell2906/Personal/GUARDIAN/node_modules/router/index.js:342:13)
    at /home/msewell2906/Personal/GUARDIAN/node_modules/router/index.js:297:9
    at processParams (/home/msewell2906/Personal/GUARDIAN/node_modules/router/index.js:582:12)
    at next (/home/msewell2906/Personal/GUARDIAN/node_modules/router/index.js:291:5)
    at /home/msewell2906/Personal/GUARDIAN/node_modules/express-rate-limit/dist/index.cjs:899:7
Error: Error: Not allowed by CORS
    at origin (/home/msewell2906/Personal/GUARDIAN/server/server.js:38:16)
    at /home/msewell2906/Personal/GUARDIAN/node_modules/cors/lib/index.js:219:13
    at optionsCallback (/home/msewell2906/Personal/GUARDIAN/node_modules/cors/lib/index.js:199:9)
    at corsMiddleware (/home/msewell2906/Personal/GUARDIAN/node_modules/cors/lib/index.js:204:7)
    at Layer.handleRequest (/home/msewell2906/Personal/GUARDIAN/node_modules/router/lib/layer.js:152:17)
    at trimPrefix (/home/msewell2906/Personal/GUARDIAN/node_modules/router/index.js:342:13)
    at /home/msewell2906/Personal/GUARDIAN/node_modules/router/index.js:297:9
    at processParams (/home/msewell2906/Personal/GUARDIAN/node_modules/router/index.js:582:12)
    at next (/home/msewell2906/Personal/GUARDIAN/node_modules/router/index.js:291:5)
    at /home/msewell2906/Personal/GUARDIAN/node_modules/express-rate-limit/dist/index.cjs:899:7
Error: Error: Not allowed by CORS
    at origin (/home/msewell2906/Personal/GUARDIAN/server/server.js:38:16)
    at /home/msewell2906/Personal/GUARDIAN/node_modules/cors/lib/index.js:219:13
    at optionsCallback (/home/msewell2906/Personal/GUARDIAN/node_modules/cors/lib/index.js:199:9)
    at corsMiddleware (/home/msewell2906/Personal/GUARDIAN/node_modules/cors/lib/index.js:204:7)
    at Layer.handleRequest (/home/msewell2906/Personal/GUARDIAN/node_modules/router/lib/layer.js:152:17)
    at trimPrefix (/home/msewell2906/Personal/GUARDIAN/node_modules/router/index.js:342:13)
    at /home/msewell2906/Personal/GUARDIAN/node_modules/router/index.js:297:9
    at processParams (/home/msewell2906/Personal/GUARDIAN/node_modules/router/index.js:582:12)
    at next (/home/msewell2906/Personal/GUARDIAN/node_modules/router/index.js:291:5)
    at /home/msewell2906/Personal/GUARDIAN/node_modules/express-rate-limit/dist/index.cjs:899:7
Error: Error: Not allowed by CORS
    at origin (/home/msewell2906/Personal/GUARDIAN/server/server.js:38:16)
    at /home/msewell2906/Personal/GUARDIAN/node_modules/cors/lib/index.js:219:13
    at optionsCallback (/home/msewell2906/Personal/GUARDIAN/node_modules/cors/lib/index.js:199:9)
    at corsMiddleware (/home/msewell2906/Personal/GUARDIAN/node_modules/cors/lib/index.js:204:7)
    at Layer.handleRequest (/home/msewell2906/Personal/GUARDIAN/node_modules/router/lib/layer.js:152:17)
    at trimPrefix (/home/msewell2906/Personal/GUARDIAN/node_modules/router/index.js:342:13)
    at /home/msewell2906/Personal/GUARDIAN/node_modules/router/index.js:297:9
    at processParams (/home/msewell2906/Personal/GUARDIAN/node_modules/router/index.js:582:12)
    at next (/home/msewell2906/Personal/GUARDIAN/node_modules/router/index.js:291:5)
    at /home/msewell2906/Personal/GUARDIAN/node_modules/express-rate-limit/dist/index.cjs:899:7
Error: Error: Not allowed by CORS
    at origin (/home/msewell2906/Personal/GUARDIAN/server/server.js:38:16)
    at /home/msewell2906/Personal/GUARDIAN/node_modules/cors/lib/index.js:219:13
    at optionsCallback (/home/msewell2906/Personal/GUARDIAN/node_modules/cors/lib/index.js:199:9)
    at corsMiddleware (/home/msewell2906/Personal/GUARDIAN/node_modules/cors/lib/index.js:204:7)
    at Layer.handleRequest (/home/msewell2906/Personal/GUARDIAN/node_modules/router/lib/layer.js:152:17)
    at trimPrefix (/home/msewell2906/Personal/GUARDIAN/node_modules/router/index.js:342:13)
    at /home/msewell2906/Personal/GUARDIAN/node_modules/router/index.js:297:9
    at processParams (/home/msewell2906/Personal/GUARDIAN/node_modules/router/index.js:582:12)
    at next (/home/msewell2906/Personal/GUARDIAN/node_modules/router/index.js:291:5)
    at /home/msewell2906/Personal/GUARDIAN/node_modules/express-rate-limit/dist/index.cjs:899:7
Error: Error: Not allowed by CORS
    at origin (/home/msewell2906/Personal/GUARDIAN/server/server.js:38:16)
    at /home/msewell2906/Personal/GUARDIAN/node_modules/cors/lib/index.js:219:13
    at optionsCallback (/home/msewell2906/Personal/GUARDIAN/node_modules/cors/lib/index.js:199:9)
    at corsMiddleware (/home/msewell2906/Personal/GUARDIAN/node_modules/cors/lib/index.js:204:7)
    at Layer.handleRequest (/home/msewell2906/Personal/GUARDIAN/node_modules/router/lib/layer.js:152:17)
    at trimPrefix (/home/msewell2906/Personal/GUARDIAN/node_modules/router/index.js:342:13)
    at /home/msewell2906/Personal/GUARDIAN/node_modules/router/index.js:297:9
    at processParams (/home/msewell2906/Personal/GUARDIAN/node_modules/router/index.js:582:12)
    at next (/home/msewell2906/Personal/GUARDIAN/node_modules/router/index.js:291:5)
    at /home/msewell2906/Personal/GUARDIAN/node_modules/express-rate-limit/dist/index.cjs:899:7
Error: Error: Not allowed by CORS
    at origin (/home/msewell2906/Personal/GUARDIAN/server/server.js:38:16)
    at /home/msewell2906/Personal/GUARDIAN/node_modules/cors/lib/index.js:219:13
    at optionsCallback (/home/msewell2906/Personal/GUARDIAN/node_modules/cors/lib/index.js:199:9)
    at corsMiddleware (/home/msewell2906/Personal/GUARDIAN/node_modules/cors/lib/index.js:204:7)
    at Layer.handleRequest (/home/msewell2906/Personal/GUARDIAN/node_modules/router/lib/layer.js:152:17)
    at trimPrefix (/home/msewell2906/Personal/GUARDIAN/node_modules/router/index.js:342:13)
    at /home/msewell2906/Personal/GUARDIAN/node_modules/router/index.js:297:9
    at processParams (/home/msewell2906/Personal/GUARDIAN/node_modules/router/index.js:582:12)
    at next (/home/msewell2906/Personal/GUARDIAN/node_modules/router/index.js:291:5)
    at /home/msewell2906/Personal/GUARDIAN/node_modules/express-rate-limit/dist/index.cjs:899:7
Error: Error: Not allowed by CORS
    at origin (/home/msewell2906/Personal/GUARDIAN/server/server.js:38:16)
    at /home/msewell2906/Personal/GUARDIAN/node_modules/cors/lib/index.js:219:13
    at optionsCallback (/home/msewell2906/Personal/GUARDIAN/node_modules/cors/lib/index.js:199:9)
    at corsMiddleware (/home/msewell2906/Personal/GUARDIAN/node_modules/cors/lib/index.js:204:7)
    at Layer.handleRequest (/home/msewell2906/Personal/GUARDIAN/node_modules/router/lib/layer.js:152:17)
    at trimPrefix (/home/msewell2906/Personal/GUARDIAN/node_modules/router/index.js:342:13)
    at /home/msewell2906/Personal/GUARDIAN/node_modules/router/index.js:297:9
    at processParams (/home/msewell2906/Personal/GUARDIAN/node_modules/router/index.js:582:12)
    at next (/home/msewell2906/Personal/GUARDIAN/node_modules/router/index.js:291:5)
    at /home/msewell2906/Personal/GUARDIAN/node_modules/express-rate-limit/dist/index.cjs:899:7
Error: Error: Not allowed by CORS
    at origin (/home/msewell2906/Personal/GUARDIAN/server/server.js:38:16)
    at /home/msewell2906/Personal/GUARDIAN/node_modules/cors/lib/index.js:219:13
    at optionsCallback (/home/msewell2906/Personal/GUARDIAN/node_modules/cors/lib/index.js:199:9)
    at corsMiddleware (/home/msewell2906/Personal/GUARDIAN/node_modules/cors/lib/index.js:204:7)
    at Layer.handleRequest (/home/msewell2906/Personal/GUARDIAN/node_modules/router/lib/layer.js:152:17)
    at trimPrefix (/home/msewell2906/Personal/GUARDIAN/node_modules/router/index.js:342:13)
    at /home/msewell2906/Personal/GUARDIAN/node_modules/router/index.js:297:9
    at processParams (/home/msewell2906/Personal/GUARDIAN/node_modules/router/index.js:582:12)
    at next (/home/msewell2906/Personal/GUARDIAN/node_modules/router/index.js:291:5)
    at /home/msewell2906/Personal/GUARDIAN/node_modules/express-rate-limit/dist/index.cjs:899:7
Error: Error: Not allowed by CORS
    at origin (/home/msewell2906/Personal/GUARDIAN/server/server.js:38:16)
    at /home/msewell2906/Personal/GUARDIAN/node_modules/cors/lib/index.js:219:13
    at optionsCallback (/home/msewell2906/Personal/GUARDIAN/node_modules/cors/lib/index.js:199:9)
    at corsMiddleware (/home/msewell2906/Personal/GUARDIAN/node_modules/cors/lib/index.js:204:7)
    at Layer.handleRequest (/home/msewell2906/Personal/GUARDIAN/node_modules/router/lib/layer.js:152:17)
    at trimPrefix (/home/msewell2906/Personal/GUARDIAN/node_modules/router/index.js:342:13)
    at /home/msewell2906/Personal/GUARDIAN/node_modules/router/index.js:297:9
    at processParams (/home/msewell2906/Personal/GUARDIAN/node_modules/router/index.js:582:12)
    at next (/home/msewell2906/Personal/GUARDIAN/node_modules/router/index.js:291:5)
    at /home/msewell2906/Personal/GUARDIAN/node_modules/express-rate-limit/dist/index.cjs:899:7
Error: Error: Not allowed by CORS
    at origin (/home/msewell2906/Personal/GUARDIAN/server/server.js:38:16)
    at /home/msewell2906/Personal/GUARDIAN/node_modules/cors/lib/index.js:219:13
    at optionsCallback (/home/msewell2906/Personal/GUARDIAN/node_modules/cors/lib/index.js:199:9)
    at corsMiddleware (/home/msewell2906/Personal/GUARDIAN/node_modules/cors/lib/index.js:204:7)
    at Layer.handleRequest (/home/msewell2906/Personal/GUARDIAN/node_modules/router/lib/layer.js:152:17)
    at trimPrefix (/home/msewell2906/Personal/GUARDIAN/node_modules/router/index.js:342:13)
    at /home/msewell2906/Personal/GUARDIAN/node_modules/router/index.js:297:9
    at processParams (/home/msewell2906/Personal/GUARDIAN/node_modules/router/index.js:582:12)
    at next (/home/msewell2906/Personal/GUARDIAN/node_modules/router/index.js:291:5)
    at /home/msewell2906/Personal/GUARDIAN/node_modules/express-rate-limit/dist/index.cjs:899:7
Error: Error: Not allowed by CORS
    at origin (/home/msewell2906/Personal/GUARDIAN/server/server.js:38:16)
    at /home/msewell2906/Personal/GUARDIAN/node_modules/cors/lib/index.js:219:13
    at optionsCallback (/home/msewell2906/Personal/GUARDIAN/node_modules/cors/lib/index.js:199:9)
    at corsMiddleware (/home/msewell2906/Personal/GUARDIAN/node_modules/cors/lib/index.js:204:7)
    at Layer.handleRequest (/home/msewell2906/Personal/GUARDIAN/node_modules/router/lib/layer.js:152:17)
    at trimPrefix (/home/msewell2906/Personal/GUARDIAN/node_modules/router/index.js:342:13)
    at /home/msewell2906/Personal/GUARDIAN/node_modules/router/index.js:297:9
    at processParams (/home/msewell2906/Personal/GUARDIAN/node_modules/router/index.js:582:12)
    at next (/home/msewell2906/Personal/GUARDIAN/node_modules/router/index.js:291:5)
    at /home/msewell2906/Personal/GUARDIAN/node_modules/express-rate-limit/dist/index.cjs:899:7
Error: Error: Not allowed by CORS
    at origin (/home/msewell2906/Personal/GUARDIAN/server/server.js:38:16)
    at /home/msewell2906/Personal/GUARDIAN/node_modules/cors/lib/index.js:219:13
    at optionsCallback (/home/msewell2906/Personal/GUARDIAN/node_modules/cors/lib/index.js:199:9)
    at corsMiddleware (/home/msewell2906/Personal/GUARDIAN/node_modules/cors/lib/index.js:204:7)
    at Layer.handleRequest (/home/msewell2906/Personal/GUARDIAN/node_modules/router/lib/layer.js:152:17)
    at trimPrefix (/home/msewell2906/Personal/GUARDIAN/node_modules/router/index.js:342:13)
    at /home/msewell2906/Personal/GUARDIAN/node_modules/router/index.js:297:9
    at processParams (/home/msewell2906/Personal/GUARDIAN/node_modules/router/index.js:582:12)
    at next (/home/msewell2906/Personal/GUARDIAN/node_modules/router/index.js:291:5)
    at /home/msewell2906/Personal/GUARDIAN/node_modules/express-rate-limit/dist/index.cjs:899:7
Error: Error: Not allowed by CORS
    at origin (/home/msewell2906/Personal/GUARDIAN/server/server.js:38:16)
    at /home/msewell2906/Personal/GUARDIAN/node_modules/cors/lib/index.js:219:13
    at optionsCallback (/home/msewell2906/Personal/GUARDIAN/node_modules/cors/lib/index.js:199:9)
    at corsMiddleware (/home/msewell2906/Personal/GUARDIAN/node_modules/cors/lib/index.js:204:7)
    at Layer.handleRequest (/home/msewell2906/Personal/GUARDIAN/node_modules/router/lib/layer.js:152:17)
    at trimPrefix (/home/msewell2906/Personal/GUARDIAN/node_modules/router/index.js:342:13)
    at /home/msewell2906/Personal/GUARDIAN/node_modules/router/index.js:297:9
    at processParams (/home/msewell2906/Personal/GUARDIAN/node_modules/router/index.js:582:12)
    at next (/home/msewell2906/Personal/GUARDIAN/node_modules/router/index.js:291:5)
    at /home/msewell2906/Personal/GUARDIAN/node_modules/express-rate-limit/dist/index.cjs:899:7
Error: Error: Not allowed by CORS
    at origin (/home/msewell2906/Personal/GUARDIAN/server/server.js:38:16)
    at /home/msewell2906/Personal/GUARDIAN/node_modules/cors/lib/index.js:219:13
    at optionsCallback (/home/msewell2906/Personal/GUARDIAN/node_modules/cors/lib/index.js:199:9)
    at corsMiddleware (/home/msewell2906/Personal/GUARDIAN/node_modules/cors/lib/index.js:204:7)
    at Layer.handleRequest (/home/msewell2906/Personal/GUARDIAN/node_modules/router/lib/layer.js:152:17)
    at trimPrefix (/home/msewell2906/Personal/GUARDIAN/node_modules/router/index.js:342:13)
    at /home/msewell2906/Personal/GUARDIAN/node_modules/router/index.js:297:9
    at processParams (/home/msewell2906/Personal/GUARDIAN/node_modules/router/index.js:582:12)
    at next (/home/msewell2906/Personal/GUARDIAN/node_modules/router/index.js:291:5)
    at /home/msewell2906/Personal/GUARDIAN/node_modules/express-rate-limit/dist/index.cjs:899:7
Error: Error: Not allowed by CORS
    at origin (/home/msewell2906/Personal/GUARDIAN/server/server.js:38:16)
    at /home/msewell2906/Personal/GUARDIAN/node_modules/cors/lib/index.js:219:13
    at optionsCallback (/home/msewell2906/Personal/GUARDIAN/node_modules/cors/lib/index.js:199:9)
    at corsMiddleware (/home/msewell2906/Personal/GUARDIAN/node_modules/cors/lib/index.js:204:7)
    at Layer.handleRequest (/home/msewell2906/Personal/GUARDIAN/node_modules/router/lib/layer.js:152:17)
    at trimPrefix (/home/msewell2906/Personal/GUARDIAN/node_modules/router/index.js:342:13)
    at /home/msewell2906/Personal/GUARDIAN/node_modules/router/index.js:297:9
    at processParams (/home/msewell2906/Personal/GUARDIAN/node_modules/router/index.js:582:12)
    at next (/home/msewell2906/Personal/GUARDIAN/node_modules/router/index.js:291:5)
    at /home/msewell2906/Personal/GUARDIAN/node_modules/express-rate-limit/dist/index.cjs:899:7
Error: Error: Not allowed by CORS
    at origin (/home/msewell2906/Personal/GUARDIAN/server/server.js:38:16)
    at /home/msewell2906/Personal/GUARDIAN/node_modules/cors/lib/index.js:219:13
    at optionsCallback (/home/msewell2906/Personal/GUARDIAN/node_modules/cors/lib/index.js:199:9)
    at corsMiddleware (/home/msewell2906/Personal/GUARDIAN/node_modules/cors/lib/index.js:204:7)
    at Layer.handleRequest (/home/msewell2906/Personal/GUARDIAN/node_modules/router/lib/layer.js:152:17)
    at trimPrefix (/home/msewell2906/Personal/GUARDIAN/node_modules/router/index.js:342:13)
    at /home/msewell2906/Personal/GUARDIAN/node_modules/router/index.js:297:9
    at processParams (/home/msewell2906/Personal/GUARDIAN/node_modules/router/index.js:582:12)
    at next (/home/msewell2906/Personal/GUARDIAN/node_modules/router/index.js:291:5)
    at /home/msewell2906/Personal/GUARDIAN/node_modules/express-rate-limit/dist/index.cjs:899:7
Error: Error: Not allowed by CORS
    at origin (/home/msewell2906/Personal/GUARDIAN/server/server.js:38:16)
    at /home/msewell2906/Personal/GUARDIAN/node_modules/cors/lib/index.js:219:13
    at optionsCallback (/home/msewell2906/Personal/GUARDIAN/node_modules/cors/lib/index.js:199:9)
    at corsMiddleware (/home/msewell2906/Personal/GUARDIAN/node_modules/cors/lib/index.js:204:7)
    at Layer.handleRequest (/home/msewell2906/Personal/GUARDIAN/node_modules/router/lib/layer.js:152:17)
    at trimPrefix (/home/msewell2906/Personal/GUARDIAN/node_modules/router/index.js:342:13)
    at /home/msewell2906/Personal/GUARDIAN/node_modules/router/index.js:297:9
    at processParams (/home/msewell2906/Personal/GUARDIAN/node_modules/router/index.js:582:12)
    at next (/home/msewell2906/Personal/GUARDIAN/node_modules/router/index.js:291:5)
    at /home/msewell2906/Personal/GUARDIAN/node_modules/express-rate-limit/dist/index.cjs:899:7
Error: Error: Not allowed by CORS
    at origin (/home/msewell2906/Personal/GUARDIAN/server/server.js:38:16)
    at /home/msewell2906/Personal/GUARDIAN/node_modules/cors/lib/index.js:219:13
    at optionsCallback (/home/msewell2906/Personal/GUARDIAN/node_modules/cors/lib/index.js:199:9)
    at corsMiddleware (/home/msewell2906/Personal/GUARDIAN/node_modules/cors/lib/index.js:204:7)
    at Layer.handleRequest (/home/msewell2906/Personal/GUARDIAN/node_modules/router/lib/layer.js:152:17)
    at trimPrefix (/home/msewell2906/Personal/GUARDIAN/node_modules/router/index.js:342:13)
    at /home/msewell2906/Personal/GUARDIAN/node_modules/router/index.js:297:9
    at processParams (/home/msewell2906/Personal/GUARDIAN/node_modules/router/index.js:582:12)
    at next (/home/msewell2906/Personal/GUARDIAN/node_modules/router/index.js:291:5)
    at /home/msewell2906/Personal/GUARDIAN/node_modules/express-rate-limit/dist/index.cjs:899:7
Error: Error: Not allowed by CORS
    at origin (/home/msewell2906/Personal/GUARDIAN/server/server.js:38:16)
    at /home/msewell2906/Personal/GUARDIAN/node_modules/cors/lib/index.js:219:13
    at optionsCallback (/home/msewell2906/Personal/GUARDIAN/node_modules/cors/lib/index.js:199:9)
    at corsMiddleware (/home/msewell2906/Personal/GUARDIAN/node_modules/cors/lib/index.js:204:7)
    at Layer.handleRequest (/home/msewell2906/Personal/GUARDIAN/node_modules/router/lib/layer.js:152:17)
    at trimPrefix (/home/msewell2906/Personal/GUARDIAN/node_modules/router/index.js:342:13)
    at /home/msewell2906/Personal/GUARDIAN/node_modules/router/index.js:297:9
    at processParams (/home/msewell2906/Personal/GUARDIAN/node_modules/router/index.js:582:12)
    at next (/home/msewell2906/Personal/GUARDIAN/node_modules/router/index.js:291:5)
    at /home/msewell2906/Personal/GUARDIAN/node_modules/express-rate-limit/dist/index.cjs:899:7
Error: Error: Not allowed by CORS
    at origin (/home/msewell2906/Personal/GUARDIAN/server/server.js:38:16)
    at /home/msewell2906/Personal/GUARDIAN/node_modules/cors/lib/index.js:219:13
    at optionsCallback (/home/msewell2906/Personal/GUARDIAN/node_modules/cors/lib/index.js:199:9)
    at corsMiddleware (/home/msewell2906/Personal/GUARDIAN/node_modules/cors/lib/index.js:204:7)
    at Layer.handleRequest (/home/msewell2906/Personal/GUARDIAN/node_modules/router/lib/layer.js:152:17)
    at trimPrefix (/home/msewell2906/Personal/GUARDIAN/node_modules/router/index.js:342:13)
    at /home/msewell2906/Personal/GUARDIAN/node_modules/router/index.js:297:9
    at processParams (/home/msewell2906/Personal/GUARDIAN/node_modules/router/index.js:582:12)
    at next (/home/msewell2906/Personal/GUARDIAN/node_modules/router/index.js:291:5)
    at /home/msewell2906/Personal/GUARDIAN/node_modules/express-rate-limit/dist/index.cjs:899:7
Error: Error: Not allowed by CORS
    at origin (/home/msewell2906/Personal/GUARDIAN/server/server.js:38:16)
    at /home/msewell2906/Personal/GUARDIAN/node_modules/cors/lib/index.js:219:13
    at optionsCallback (/home/msewell2906/Personal/GUARDIAN/node_modules/cors/lib/index.js:199:9)
    at corsMiddleware (/home/msewell2906/Personal/GUARDIAN/node_modules/cors/lib/index.js:204:7)
    at Layer.handleRequest (/home/msewell2906/Personal/GUARDIAN/node_modules/router/lib/layer.js:152:17)
    at trimPrefix (/home/msewell2906/Personal/GUARDIAN/node_modules/router/index.js:342:13)
    at /home/msewell2906/Personal/GUARDIAN/node_modules/router/index.js:297:9
    at processParams (/home/msewell2906/Personal/GUARDIAN/node_modules/router/index.js:582:12)
    at next (/home/msewell2906/Personal/GUARDIAN/node_modules/router/index.js:291:5)
    at /home/msewell2906/Personal/GUARDIAN/node_modules/express-rate-limit/dist/index.cjs:899:7
Error: Error: Not allowed by CORS
    at origin (/home/msewell2906/Personal/GUARDIAN/server/server.js:38:16)
    at /home/msewell2906/Personal/GUARDIAN/node_modules/cors/lib/index.js:219:13
    at optionsCallback (/home/msewell2906/Personal/GUARDIAN/node_modules/cors/lib/index.js:199:9)
    at corsMiddleware (/home/msewell2906/Personal/GUARDIAN/node_modules/cors/lib/index.js:204:7)
    at Layer.handleRequest (/home/msewell2906/Personal/GUARDIAN/node_modules/router/lib/layer.js:152:17)
    at trimPrefix (/home/msewell2906/Personal/GUARDIAN/node_modules/router/index.js:342:13)
    at /home/msewell2906/Personal/GUARDIAN/node_modules/router/index.js:297:9
    at processParams (/home/msewell2906/Personal/GUARDIAN/node_modules/router/index.js:582:12)
    at next (/home/msewell2906/Personal/GUARDIAN/node_modules/router/index.js:291:5)
    at /home/msewell2906/Personal/GUARDIAN/node_modules/express-rate-limit/dist/index.cjs:899:7
